# JRE version: Java(TM) SE Runtime Environment (8.0_101-b13) (build 1.8.0_101-b13)
# Java VM: Java HotSpot(TM) 64-Bit Server VM (25.101-b13 mixed mode windows-amd64 compressed oops)
Heap:
 PSYoungGen      total 141824K, used 105021K [0x000000076b200000, 0x0000000774700000, 0x00000007c0000000)
  eden space 131072K, 78% used [0x000000076b200000,0x0000000771686748,0x0000000773200000)
  from space 10752K, 19% used [0x0000000773c80000,0x0000000773e88ed0,0x0000000774700000)
  to   space 10752K, 0% used [0x0000000773200000,0x0000000773200000,0x0000000773c80000)
 ParOldGen       total 175104K, used 88K [0x00000006c1600000, 0x00000006cc100000, 0x000000076b200000)
  object space 175104K, 0% used [0x00000006c1600000,0x00000006c1616028,0x00000006cc100000)
 Metaspace       used 15679K, capacity 15765K, committed 16000K, reserved 1062912K
  class space    used 1548K, capacity 1586K, committed 1664K, reserved 1048576K
GC Heap History (8 events):
Event: 0.746 GC heap before
{Heap before GC invocations=1 (full 0):
 PSYoungGen      total 76288K, used 65536K [0x000000076b200000, 0x0000000770700000, 0x00000007c0000000)
  eden space 65536K, 100% used [0x000000076b200000,0x000000076f200000,0x000000076f200000)
  from space 10752K, 0% used [0x000000076fc80000,0x000000076fc80000,0x0000000770700000)
  to   space 10752K, 0% used [0x000000076f200000,0x000000076f200000,0x000000076fc80000)
 ParOldGen       total 175104K, used 0K [0x00000006c1600000, 0x00000006cc100000, 0x000000076b200000)
  object space 175104K, 0% used [0x00000006c1600000,0x00000006c1600000,0x00000006cc100000)
 Metaspace       used 6013K, capacity 6096K, committed 6144K, reserved 1056768K
  class space    used 694K, capacity 752K, committed 768K, reserved 1048576K
Event: 0.748 GC heap after
Heap after GC invocations=1 (full 0):
 PSYoungGen      total 76288K, used 3267K [0x000000076b200000, 0x0000000770700000, 0x00000007c0000000)
  eden space 65536K, 0% used [0x000000076b200000,0x000000076b200000,0x000000076f200000)
  from space 10752K, 30% used [0x000000076f200000,0x000000076f530c68,0x000000076fc80000)
  to   space 10752K, 0% used [0x000000076fc80000,0x000000076fc80000,0x0000000770700000)
 ParOldGen       total 175104K, used 80K [0x00000006c1600000, 0x00000006cc100000, 0x000000076b200000)
  object space 175104K, 0% used [0x00000006c1600000,0x00000006c1614028,0x00000006cc100000)
 Metaspace       used 6013K, capacity 6096K, committed 6144K, reserved 1056768K
  class space    used 694K, capacity 752K, committed 768K, reserved 1048576K
}
Event: 0.756 GC heap before
{Heap before GC invocations=2 (full 0):
 PSYoungGen      total 76288K, used 68781K [0x000000076b200000, 0x0000000770700000, 0x00000007c0000000)
  eden space 65536K, 99% used [0x000000076b200000,0x000000076f1fa8e8,0x000000076f200000)
  from space 10752K, 30% used [0x000000076f200000,0x000000076f530c68,0x000000076fc80000)
  to   space 10752K, 0% used [0x000000076fc80000,0x000000076fc80000,0x0000000770700000)
 ParOldGen       total 175104K, used 80K [0x00000006c1600000, 0x00000006cc100000, 0x000000076b200000)
  object space 175104K, 0% used [0x00000006c1600000,0x00000006c1614028,0x00000006cc100000)
 Metaspace       used 6023K, capacity 6096K, committed 6144K, reserved 1056768K
  class space    used 694K, capacity 752K, committed 768K, reserved 1048576K
Event: 0.758 GC heap after
Heap after GC invocations=2 (full 0):
 PSYoungGen      total 76288K, used 1998K [0x000000076b200000, 0x0000000774700000, 0x00000007c0000000)
  eden space 65536K, 0% used [0x000000076b200000,0x000000076b200000,0x000000076f200000)
  from space 10752K, 18% used [0x000000076fc80000,0x000000076fe73998,0x0000000770700000)
  to   space 10752K, 0% used [0x000000076f200000,0x000000076f200000,0x000000076fc80000)
 ParOldGen       total 175104K, used 88K [0x00000006c1600000, 0x00000006cc100000, 0x000000076b200000)
  object space 175104K, 0% used [0x00000006c1600000,0x00000006c1616028,0x00000006cc100000)
 Metaspace       used 6023K, capacity 6096K, committed 6144K, reserved 1056768K
  class space    used 694K, capacity 752K, committed 768K, reserved 1048576K
}
Event: 0.767 GC heap before
{Heap before GC invocations=3 (full 0):
 PSYoungGen      total 76288K, used 67482K [0x000000076b200000, 0x0000000774700000, 0x00000007c0000000)
  eden space 65536K, 99% used [0x000000076b200000,0x000000076f1f2fd0,0x000000076f200000)
  from space 10752K, 18% used [0x000000076fc80000,0x000000076fe73998,0x0000000770700000)
  to   space 10752K, 0% used [0x000000076f200000,0x000000076f200000,0x000000076fc80000)
 ParOldGen       total 175104K, used 88K [0x00000006c1600000, 0x00000006cc100000, 0x000000076b200000)
  object space 175104K, 0% used [0x00000006c1600000,0x00000006c1616028,0x00000006cc100000)
 Metaspace       used 6023K, capacity 6096K, committed 6144K, reserved 1056768K
  class space    used 694K, capacity 752K, committed 768K, reserved 1048576K
Event: 0.768 GC heap after
Heap after GC invocations=3 (full 0):
 PSYoungGen      total 76288K, used 2127K [0x000000076b200000, 0x0000000774700000, 0x00000007c0000000)
  eden space 65536K, 0% used [0x000000076b200000,0x000000076b200000,0x000000076f200000)
  from space 10752K, 19% used [0x000000076f200000,0x000000076f413de8,0x000000076fc80000)
  to   space 10752K, 0% used [0x0000000773c80000,0x0000000773c80000,0x0000000774700000)
 ParOldGen       total 175104K, used 88K [0x00000006c1600000, 0x00000006cc100000, 0x000000076b200000)
  object space 175104K, 0% used [0x00000006c1600000,0x00000006c1616028,0x00000006cc100000)
 Metaspace       used 6023K, capacity 6096K, committed 6144K, reserved 1056768K
  class space    used 694K, capacity 752K, committed 768K, reserved 1048576K
}
Event: 0.776 GC heap before
{Heap before GC invocations=4 (full 0):
 PSYoungGen      total 76288K, used 67626K [0x000000076b200000, 0x0000000774700000, 0x00000007c0000000)
  eden space 65536K, 99% used [0x000000076b200000,0x000000076f1f6d98,0x000000076f200000)
  from space 10752K, 19% used [0x000000076f200000,0x000000076f413de8,0x000000076fc80000)
  to   space 10752K, 0% used [0x0000000773c80000,0x0000000773c80000,0x0000000774700000)
 ParOldGen       total 175104K, used 88K [0x00000006c1600000, 0x00000006cc100000, 0x000000076b200000)
  object space 175104K, 0% used [0x00000006c1600000,0x00000006c1616028,0x00000006cc100000)
 Metaspace       used 6023K, capacity 6096K, committed 6144K, reserved 1056768K
  class space    used 694K, capacity 752K, committed 768K, reserved 1048576K
Event: 0.779 GC heap after
Heap after GC invocations=4 (full 0):
 PSYoungGen      total 141824K, used 2083K [0x000000076b200000, 0x0000000774700000, 0x00000007c0000000)
  eden space 131072K, 0% used [0x000000076b200000,0x000000076b200000,0x0000000773200000)
  from space 10752K, 19% used [0x0000000773c80000,0x0000000773e88ed0,0x0000000774700000)
  to   space 10752K, 0% used [0x0000000773200000,0x0000000773200000,0x0000000773c80000)
 ParOldGen       total 175104K, used 88K [0x00000006c1600000, 0x00000006cc100000, 0x000000076b200000)
  object space 175104K, 0% used [0x00000006c1600000,0x00000006c1616028,0x00000006cc100000)
 Metaspace       used 6023K, capacity 6096K, committed 6144K, reserved 1056768K
  class space    used 694K, capacity 752K, committed 768K, reserved 1048576K
}

