# JRE version: Java(TM) SE Runtime Environment (8.0_101-b13) (build 1.8.0_101-b13)
# Java VM: Java HotSpot(TM) 64-Bit Server VM (25.101-b13 mixed mode windows-amd64 compressed oops)
Heap:
 PSYoungGen      total 850432K, used 502627K [0x000000076b200000, 0x000000079fc80000, 0x00000007c0000000)
  eden space 838144K, 59% used [0x000000076b200000,0x0000000789cb0f38,0x000000079e480000)
  from space 12288K, 1% used [0x000000079f080000,0x000000079f0a8000,0x000000079fc80000)
  to   space 12288K, 0% used [0x000000079e480000,0x000000079e480000,0x000000079f080000)
 ParOldGen       total 175104K, used 9306K [0x00000006c1600000, 0x00000006cc100000, 0x000000076b200000)
  object space 175104K, 5% used [0x00000006c1600000,0x00000006c1f16b40,0x00000006cc100000)
 Metaspace       used 15373K, capacity 15526K, committed 15744K, reserved 1062912K
  class space    used 1560K, capacity 1638K, committed 1664K, reserved 1048576K
GC Heap History (10 events):
Event: 3.291 GC heap before
{Heap before GC invocations=9 (full 0):
 PSYoungGen      total 534528K, used 526624K [0x000000076b200000, 0x000000078c800000, 0x00000007c0000000)
  eden space 523776K, 100% used [0x000000076b200000,0x000000078b180000,0x000000078b180000)
  from space 10752K, 26% used [0x000000078bc80000,0x000000078bf48000,0x000000078c700000)
  to   space 11264K, 0% used [0x000000078b180000,0x000000078b180000,0x000000078bc80000)
 ParOldGen       total 175104K, used 6101K [0x00000006c1600000, 0x00000006cc100000, 0x000000076b200000)
  object space 175104K, 3% used [0x00000006c1600000,0x00000006c1bf56e8,0x00000006cc100000)
 Metaspace       used 15108K, capacity 15270K, committed 15488K, reserved 1062912K
  class space    used 1559K, capacity 1638K, committed 1664K, reserved 1048576K
Event: 3.306 GC heap after
Heap after GC invocations=9 (full 0):
 PSYoungGen      total 535040K, used 192K [0x000000076b200000, 0x000000078c800000, 0x00000007c0000000)
  eden space 523776K, 0% used [0x000000076b200000,0x000000076b200000,0x000000078b180000)
  from space 11264K, 1% used [0x000000078b180000,0x000000078b1b0000,0x000000078bc80000)
  to   space 10752K, 0% used [0x000000078bc80000,0x000000078bc80000,0x000000078c700000)
 ParOldGen       total 175104K, used 8854K [0x00000006c1600000, 0x00000006cc100000, 0x000000076b200000)
  object space 175104K, 5% used [0x00000006c1600000,0x00000006c1ea5b10,0x00000006cc100000)
 Metaspace       used 15108K, capacity 15270K, committed 15488K, reserved 1062912K
  class space    used 1559K, capacity 1638K, committed 1664K, reserved 1048576K
}
Event: 3.744 GC heap before
{Heap before GC invocations=10 (full 0):
 PSYoungGen      total 535040K, used 523968K [0x000000076b200000, 0x000000078c800000, 0x00000007c0000000)
  eden space 523776K, 100% used [0x000000076b200000,0x000000078b180000,0x000000078b180000)
  from space 11264K, 1% used [0x000000078b180000,0x000000078b1b0000,0x000000078bc80000)
  to   space 10752K, 0% used [0x000000078bc80000,0x000000078bc80000,0x000000078c700000)
 ParOldGen       total 175104K, used 8854K [0x00000006c1600000, 0x00000006cc100000, 0x000000076b200000)
  object space 175104K, 5% used [0x00000006c1600000,0x00000006c1ea5b10,0x00000006cc100000)
 Metaspace       used 15169K, capacity 15334K, committed 15488K, reserved 1062912K
  class space    used 1559K, capacity 1638K, committed 1664K, reserved 1048576K
Event: 3.756 GC heap after
Heap after GC invocations=10 (full 0):
 PSYoungGen      total 534528K, used 160K [0x000000076b200000, 0x000000078c800000, 0x00000007c0000000)
  eden space 523776K, 0% used [0x000000076b200000,0x000000076b200000,0x000000078b180000)
  from space 10752K, 1% used [0x000000078bc80000,0x000000078bca8000,0x000000078c700000)
  to   space 11264K, 0% used [0x000000078b180000,0x000000078b180000,0x000000078bc80000)
 ParOldGen       total 175104K, used 8918K [0x00000006c1600000, 0x00000006cc100000, 0x000000076b200000)
  object space 175104K, 5% used [0x00000006c1600000,0x00000006c1eb5b10,0x00000006cc100000)
 Metaspace       used 15169K, capacity 15334K, committed 15488K, reserved 1062912K
  class space    used 1559K, capacity 1638K, committed 1664K, reserved 1048576K
}
Event: 4.194 GC heap before
{Heap before GC invocations=11 (full 0):
 PSYoungGen      total 534528K, used 523936K [0x000000076b200000, 0x000000078c800000, 0x00000007c0000000)
  eden space 523776K, 100% used [0x000000076b200000,0x000000078b180000,0x000000078b180000)
  from space 10752K, 1% used [0x000000078bc80000,0x000000078bca8000,0x000000078c700000)
  to   space 11264K, 0% used [0x000000078b180000,0x000000078b180000,0x000000078bc80000)
 ParOldGen       total 175104K, used 8918K [0x00000006c1600000, 0x00000006cc100000, 0x000000076b200000)
  object space 175104K, 5% used [0x00000006c1600000,0x00000006c1eb5b10,0x00000006cc100000)
 Metaspace       used 15257K, capacity 15462K, committed 15744K, reserved 1062912K
  class space    used 1560K, capacity 1638K, committed 1664K, reserved 1048576K
Event: 4.202 GC heap after
Heap after GC invocations=11 (full 0):
 PSYoungGen      total 535040K, used 160K [0x000000076b200000, 0x000000079fc80000, 0x00000007c0000000)
  eden space 523776K, 0% used [0x000000076b200000,0x000000076b200000,0x000000078b180000)
  from space 11264K, 1% used [0x000000078b180000,0x000000078b1a8000,0x000000078bc80000)
  to   space 12288K, 0% used [0x000000079f080000,0x000000079f080000,0x000000079fc80000)
 ParOldGen       total 175104K, used 9042K [0x00000006c1600000, 0x00000006cc100000, 0x000000076b200000)
  object space 175104K, 5% used [0x00000006c1600000,0x00000006c1ed4b20,0x00000006cc100000)
 Metaspace       used 15257K, capacity 15462K, committed 15744K, reserved 1062912K
  class space    used 1560K, capacity 1638K, committed 1664K, reserved 1048576K
}
Event: 4.667 GC heap before
{Heap before GC invocations=12 (full 0):
 PSYoungGen      total 535040K, used 523936K [0x000000076b200000, 0x000000079fc80000, 0x00000007c0000000)
  eden space 523776K, 100% used [0x000000076b200000,0x000000078b180000,0x000000078b180000)
  from space 11264K, 1% used [0x000000078b180000,0x000000078b1a8000,0x000000078bc80000)
  to   space 12288K, 0% used [0x000000079f080000,0x000000079f080000,0x000000079fc80000)
 ParOldGen       total 175104K, used 9042K [0x00000006c1600000, 0x00000006cc100000, 0x000000076b200000)
  object space 175104K, 5% used [0x00000006c1600000,0x00000006c1ed4b20,0x00000006cc100000)
 Metaspace       used 15309K, capacity 15526K, committed 15744K, reserved 1062912K
  class space    used 1560K, capacity 1638K, committed 1664K, reserved 1048576K
Event: 4.675 GC heap after
Heap after GC invocations=12 (full 0):
 PSYoungGen      total 850432K, used 96K [0x000000076b200000, 0x000000079fc80000, 0x00000007c0000000)
  eden space 838144K, 0% used [0x000000076b200000,0x000000076b200000,0x000000079e480000)
  from space 12288K, 0% used [0x000000079f080000,0x000000079f098000,0x000000079fc80000)
  to   space 12288K, 0% used [0x000000079e480000,0x000000079e480000,0x000000079f080000)
 ParOldGen       total 175104K, used 9114K [0x00000006c1600000, 0x00000006cc100000, 0x000000076b200000)
  object space 175104K, 5% used [0x00000006c1600000,0x00000006c1ee6b20,0x00000006cc100000)
 Metaspace       used 15309K, capacity 15526K, committed 15744K, reserved 1062912K
  class space    used 1560K, capacity 1638K, committed 1664K, reserved 1048576K
}
Event: 5.519 GC heap before
{Heap before GC invocations=13 (full 0):
 PSYoungGen      total 850432K, used 838240K [0x000000076b200000, 0x000000079fc80000, 0x00000007c0000000)
  eden space 838144K, 100% used [0x000000076b200000,0x000000079e480000,0x000000079e480000)
  from space 12288K, 0% used [0x000000079f080000,0x000000079f098000,0x000000079fc80000)
  to   space 12288K, 0% used [0x000000079e480000,0x000000079e480000,0x000000079f080000)
 ParOldGen       total 175104K, used 9114K [0x00000006c1600000, 0x00000006cc100000, 0x000000076b200000)
  object space 175104K, 5% used [0x00000006c1600000,0x00000006c1ee6b20,0x00000006cc100000)
 Metaspace       used 15358K, capacity 15526K, committed 15744K, reserved 1062912K
  class space    used 1560K, capacity 1638K, committed 1664K, reserved 1048576K
Event: 5.521 GC heap after
Heap after GC invocations=13 (full 0):
 PSYoungGen      total 850432K, used 128K [0x000000076b200000, 0x000000079fc80000, 0x00000007c0000000)
  eden space 838144K, 0% used [0x000000076b200000,0x000000076b200000,0x000000079e480000)
  from space 12288K, 1% used [0x000000079e480000,0x000000079e4a0000,0x000000079f080000)
  to   space 12288K, 0% used [0x000000079f080000,0x000000079f080000,0x000000079fc80000)
 ParOldGen       total 175104K, used 9194K [0x00000006c1600000, 0x00000006cc100000, 0x000000076b200000)
  object space 175104K, 5% used [0x00000006c1600000,0x00000006c1efab30,0x00000006cc100000)
 Metaspace       used 15358K, capacity 15526K, committed 15744K, reserved 1062912K
  class space    used 1560K, capacity 1638K, committed 1664K, reserved 1048576K
}

