# JRE version: Java(TM) SE Runtime Environment (8.0_101-b13) (build 1.8.0_101-b13)
# Java VM: Java HotSpot(TM) 64-Bit Server VM (25.101-b13 mixed mode windows-amd64 compressed oops)
Heap:
 PSYoungGen      total 76288K, used 62511K [0x000000076b200000, 0x0000000770700000, 0x00000007c0000000)
  eden space 65536K, 87% used [0x000000076b200000,0x000000076e9c4898,0x000000076f200000)
  from space 10752K, 50% used [0x000000076f200000,0x000000076f7475a8,0x000000076fc80000)
  to   space 10752K, 0% used [0x000000076fc80000,0x000000076fc80000,0x0000000770700000)
 ParOldGen       total 175104K, used 104K [0x00000006c1600000, 0x00000006cc100000, 0x000000076b200000)
  object space 175104K, 0% used [0x00000006c1600000,0x00000006c161a028,0x00000006cc100000)
 Metaspace       used 16449K, capacity 16579K, committed 16768K, reserved 1064960K
  class space    used 1599K, capacity 1645K, committed 1664K, reserved 1048576K
GC Heap History (10 events):
Event: 0.477 GC heap before
{Heap before GC invocations=1 (full 0):
 PSYoungGen      total 76288K, used 65503K [0x000000076b200000, 0x0000000770700000, 0x00000007c0000000)
  eden space 65536K, 99% used [0x000000076b200000,0x000000076f1f7dc8,0x000000076f200000)
  from space 10752K, 0% used [0x000000076fc80000,0x000000076fc80000,0x0000000770700000)
  to   space 10752K, 0% used [0x000000076f200000,0x000000076f200000,0x000000076fc80000)
 ParOldGen       total 175104K, used 0K [0x00000006c1600000, 0x00000006cc100000, 0x000000076b200000)
  object space 175104K, 0% used [0x00000006c1600000,0x00000006c1600000,0x00000006cc100000)
 Metaspace       used 6013K, capacity 6088K, committed 6144K, reserved 1056768K
  class space    used 694K, capacity 752K, committed 768K, reserved 1048576K
Event: 0.481 GC heap after
Heap after GC invocations=1 (full 0):
 PSYoungGen      total 76288K, used 3323K [0x000000076b200000, 0x0000000770700000, 0x00000007c0000000)
  eden space 65536K, 0% used [0x000000076b200000,0x000000076b200000,0x000000076f200000)
  from space 10752K, 30% used [0x000000076f200000,0x000000076f53efd8,0x000000076fc80000)
  to   space 10752K, 0% used [0x000000076fc80000,0x000000076fc80000,0x0000000770700000)
 ParOldGen       total 175104K, used 80K [0x00000006c1600000, 0x00000006cc100000, 0x000000076b200000)
  object space 175104K, 0% used [0x00000006c1600000,0x00000006c1614028,0x00000006cc100000)
 Metaspace       used 6013K, capacity 6088K, committed 6144K, reserved 1056768K
  class space    used 694K, capacity 752K, committed 768K, reserved 1048576K
}
Event: 0.490 GC heap before
{Heap before GC invocations=2 (full 0):
 PSYoungGen      total 76288K, used 68792K [0x000000076b200000, 0x0000000770700000, 0x00000007c0000000)
  eden space 65536K, 99% used [0x000000076b200000,0x000000076f1ef058,0x000000076f200000)
  from space 10752K, 30% used [0x000000076f200000,0x000000076f53efd8,0x000000076fc80000)
  to   space 10752K, 0% used [0x000000076fc80000,0x000000076fc80000,0x0000000770700000)
 ParOldGen       total 175104K, used 80K [0x00000006c1600000, 0x00000006cc100000, 0x000000076b200000)
  object space 175104K, 0% used [0x00000006c1600000,0x00000006c1614028,0x00000006cc100000)
 Metaspace       used 6023K, capacity 6088K, committed 6144K, reserved 1056768K
  class space    used 694K, capacity 752K, committed 768K, reserved 1048576K
Event: 0.493 GC heap after
Heap after GC invocations=2 (full 0):
 PSYoungGen      total 76288K, used 1947K [0x000000076b200000, 0x0000000770700000, 0x00000007c0000000)
  eden space 65536K, 0% used [0x000000076b200000,0x000000076b200000,0x000000076f200000)
  from space 10752K, 18% used [0x000000076fc80000,0x000000076fe66f20,0x0000000770700000)
  to   space 10752K, 0% used [0x000000076f200000,0x000000076f200000,0x000000076fc80000)
 ParOldGen       total 175104K, used 88K [0x00000006c1600000, 0x00000006cc100000, 0x000000076b200000)
  object space 175104K, 0% used [0x00000006c1600000,0x00000006c1616028,0x00000006cc100000)
 Metaspace       used 6023K, capacity 6088K, committed 6144K, reserved 1056768K
  class space    used 694K, capacity 752K, committed 768K, reserved 1048576K
}
Event: 0.501 GC heap before
{Heap before GC invocations=3 (full 0):
 PSYoungGen      total 76288K, used 67430K [0x000000076b200000, 0x0000000770700000, 0x00000007c0000000)
  eden space 65536K, 99% used [0x000000076b200000,0x000000076f1f2ae8,0x000000076f200000)
  from space 10752K, 18% used [0x000000076fc80000,0x000000076fe66f20,0x0000000770700000)
  to   space 10752K, 0% used [0x000000076f200000,0x000000076f200000,0x000000076fc80000)
 ParOldGen       total 175104K, used 88K [0x00000006c1600000, 0x00000006cc100000, 0x000000076b200000)
  object space 175104K, 0% used [0x00000006c1600000,0x00000006c1616028,0x00000006cc100000)
 Metaspace       used 6023K, capacity 6088K, committed 6144K, reserved 1056768K
  class space    used 694K, capacity 752K, committed 768K, reserved 1048576K
Event: 0.503 GC heap after
Heap after GC invocations=3 (full 0):
 PSYoungGen      total 76288K, used 2204K [0x000000076b200000, 0x0000000770700000, 0x00000007c0000000)
  eden space 65536K, 0% used [0x000000076b200000,0x000000076b200000,0x000000076f200000)
  from space 10752K, 20% used [0x000000076f200000,0x000000076f427370,0x000000076fc80000)
  to   space 10752K, 0% used [0x000000076fc80000,0x000000076fc80000,0x0000000770700000)
 ParOldGen       total 175104K, used 96K [0x00000006c1600000, 0x00000006cc100000, 0x000000076b200000)
  object space 175104K, 0% used [0x00000006c1600000,0x00000006c1618028,0x00000006cc100000)
 Metaspace       used 6023K, capacity 6088K, committed 6144K, reserved 1056768K
  class space    used 694K, capacity 752K, committed 768K, reserved 1048576K
}
Event: 0.512 GC heap before
{Heap before GC invocations=4 (full 0):
 PSYoungGen      total 76288K, used 67703K [0x000000076b200000, 0x0000000770700000, 0x00000007c0000000)
  eden space 65536K, 99% used [0x000000076b200000,0x000000076f1f6b08,0x000000076f200000)
  from space 10752K, 20% used [0x000000076f200000,0x000000076f427370,0x000000076fc80000)
  to   space 10752K, 0% used [0x000000076fc80000,0x000000076fc80000,0x0000000770700000)
 ParOldGen       total 175104K, used 96K [0x00000006c1600000, 0x00000006cc100000, 0x000000076b200000)
  object space 175104K, 0% used [0x00000006c1600000,0x00000006c1618028,0x00000006cc100000)
 Metaspace       used 6023K, capacity 6088K, committed 6144K, reserved 1056768K
  class space    used 694K, capacity 752K, committed 768K, reserved 1048576K
Event: 0.513 GC heap after
Heap after GC invocations=4 (full 0):
 PSYoungGen      total 76288K, used 2102K [0x000000076b200000, 0x0000000770700000, 0x00000007c0000000)
  eden space 65536K, 0% used [0x000000076b200000,0x000000076b200000,0x000000076f200000)
  from space 10752K, 19% used [0x000000076fc80000,0x000000076fe8d8f8,0x0000000770700000)
  to   space 10752K, 0% used [0x000000076f200000,0x000000076f200000,0x000000076fc80000)
 ParOldGen       total 175104K, used 96K [0x00000006c1600000, 0x00000006cc100000, 0x000000076b200000)
  object space 175104K, 0% used [0x00000006c1600000,0x00000006c1618028,0x00000006cc100000)
 Metaspace       used 6023K, capacity 6088K, committed 6144K, reserved 1056768K
  class space    used 694K, capacity 752K, committed 768K, reserved 1048576K
}
Event: 4.010 GC heap before
{Heap before GC invocations=5 (full 0):
 PSYoungGen      total 76288K, used 67638K [0x000000076b200000, 0x0000000770700000, 0x00000007c0000000)
  eden space 65536K, 100% used [0x000000076b200000,0x000000076f200000,0x000000076f200000)
  from space 10752K, 19% used [0x000000076fc80000,0x000000076fe8d8f8,0x0000000770700000)
  to   space 10752K, 0% used [0x000000076f200000,0x000000076f200000,0x000000076fc80000)
 ParOldGen       total 175104K, used 96K [0x00000006c1600000, 0x00000006cc100000, 0x000000076b200000)
  object space 175104K, 0% used [0x00000006c1600000,0x00000006c1618028,0x00000006cc100000)
 Metaspace       used 10506K, capacity 10638K, committed 10880K, reserved 1058816K
  class space    used 1109K, capacity 1138K, committed 1152K, reserved 1048576K
Event: 4.014 GC heap after
Heap after GC invocations=5 (full 0):
 PSYoungGen      total 76288K, used 5405K [0x000000076b200000, 0x0000000770700000, 0x00000007c0000000)
  eden space 65536K, 0% used [0x000000076b200000,0x000000076b200000,0x000000076f200000)
  from space 10752K, 50% used [0x000000076f200000,0x000000076f7475a8,0x000000076fc80000)
  to   space 10752K, 0% used [0x000000076fc80000,0x000000076fc80000,0x0000000770700000)
 ParOldGen       total 175104K, used 104K [0x00000006c1600000, 0x00000006cc100000, 0x000000076b200000)
  object space 175104K, 0% used [0x00000006c1600000,0x00000006c161a028,0x00000006cc100000)
 Metaspace       used 10506K, capacity 10638K, committed 10880K, reserved 1058816K
  class space    used 1109K, capacity 1138K, committed 1152K, reserved 1048576K
}

