# JRE version: Java(TM) SE Runtime Environment (8.0_101-b13) (build 1.8.0_101-b13)
# Java VM: Java HotSpot(TM) 64-Bit Server VM (25.101-b13 mixed mode windows-amd64 compressed oops)
Heap:
 PSYoungGen      total 544768K, used 375490K [0x000000076b200000, 0x000000078ce00000, 0x00000007c0000000)
  eden space 536576K, 69% used [0x000000076b200000,0x0000000782090a00,0x000000078be00000)
  from space 8192K, 1% used [0x000000078c600000,0x000000078c620000,0x000000078ce00000)
  to   space 8192K, 0% used [0x000000078be00000,0x000000078be00000,0x000000078c600000)
 ParOldGen       total 175104K, used 11533K [0x00000006c1600000, 0x00000006cc100000, 0x000000076b200000)
  object space 175104K, 6% used [0x00000006c1600000,0x00000006c2143428,0x00000006cc100000)
 Metaspace       used 15452K, capacity 15574K, committed 16000K, reserved 1062912K
  class space    used 1512K, capacity 1574K, committed 1664K, reserved 1048576K
GC Heap History (10 events):
Event: 82.535 GC heap before
{Heap before GC invocations=14 (full 0):
 PSYoungGen      total 343552K, used 335520K [0x000000076b200000, 0x000000078ce00000, 0x00000007c0000000)
  eden space 335360K, 100% used [0x000000076b200000,0x000000077f980000,0x000000077f980000)
  from space 8192K, 1% used [0x000000077f980000,0x000000077f9a8000,0x0000000780180000)
  to   space 8192K, 0% used [0x000000078c600000,0x000000078c600000,0x000000078ce00000)
 ParOldGen       total 175104K, used 11121K [0x00000006c1600000, 0x00000006cc100000, 0x000000076b200000)
  object space 175104K, 6% used [0x00000006c1600000,0x00000006c20dc418,0x00000006cc100000)
 Metaspace       used 15228K, capacity 15382K, committed 15744K, reserved 1062912K
  class space    used 1511K, capacity 1574K, committed 1664K, reserved 1048576K
Event: 82.536 GC heap after
Heap after GC invocations=14 (full 0):
 PSYoungGen      total 544768K, used 96K [0x000000076b200000, 0x000000078ce00000, 0x00000007c0000000)
  eden space 536576K, 0% used [0x000000076b200000,0x000000076b200000,0x000000078be00000)
  from space 8192K, 1% used [0x000000078c600000,0x000000078c618000,0x000000078ce00000)
  to   space 8192K, 0% used [0x000000078be00000,0x000000078be00000,0x000000078c600000)
 ParOldGen       total 175104K, used 11193K [0x00000006c1600000, 0x00000006cc100000, 0x000000076b200000)
  object space 175104K, 6% used [0x00000006c1600000,0x00000006c20ee418,0x00000006cc100000)
 Metaspace       used 15228K, capacity 15382K, committed 15744K, reserved 1062912K
  class space    used 1511K, capacity 1574K, committed 1664K, reserved 1048576K
}
Event: 83.193 GC heap before
{Heap before GC invocations=15 (full 0):
 PSYoungGen      total 544768K, used 536672K [0x000000076b200000, 0x000000078ce00000, 0x00000007c0000000)
  eden space 536576K, 100% used [0x000000076b200000,0x000000078be00000,0x000000078be00000)
  from space 8192K, 1% used [0x000000078c600000,0x000000078c618000,0x000000078ce00000)
  to   space 8192K, 0% used [0x000000078be00000,0x000000078be00000,0x000000078c600000)
 ParOldGen       total 175104K, used 11193K [0x00000006c1600000, 0x00000006cc100000, 0x000000076b200000)
  object space 175104K, 6% used [0x00000006c1600000,0x00000006c20ee418,0x00000006cc100000)
 Metaspace       used 15289K, capacity 15446K, committed 15744K, reserved 1062912K
  class space    used 1512K, capacity 1574K, committed 1664K, reserved 1048576K
Event: 83.194 GC heap after
Heap after GC invocations=15 (full 0):
 PSYoungGen      total 544768K, used 128K [0x000000076b200000, 0x000000078ce00000, 0x00000007c0000000)
  eden space 536576K, 0% used [0x000000076b200000,0x000000076b200000,0x000000078be00000)
  from space 8192K, 1% used [0x000000078be00000,0x000000078be20000,0x000000078c600000)
  to   space 8192K, 0% used [0x000000078c600000,0x000000078c600000,0x000000078ce00000)
 ParOldGen       total 175104K, used 11249K [0x00000006c1600000, 0x00000006cc100000, 0x000000076b200000)
  object space 175104K, 6% used [0x00000006c1600000,0x00000006c20fc418,0x00000006cc100000)
 Metaspace       used 15289K, capacity 15446K, committed 15744K, reserved 1062912K
  class space    used 1512K, capacity 1574K, committed 1664K, reserved 1048576K
}
Event: 83.726 GC heap before
{Heap before GC invocations=16 (full 0):
 PSYoungGen      total 544768K, used 536704K [0x000000076b200000, 0x000000078ce00000, 0x00000007c0000000)
  eden space 536576K, 100% used [0x000000076b200000,0x000000078be00000,0x000000078be00000)
  from space 8192K, 1% used [0x000000078be00000,0x000000078be20000,0x000000078c600000)
  to   space 8192K, 0% used [0x000000078c600000,0x000000078c600000,0x000000078ce00000)
 ParOldGen       total 175104K, used 11249K [0x00000006c1600000, 0x00000006cc100000, 0x000000076b200000)
  object space 175104K, 6% used [0x00000006c1600000,0x00000006c20fc418,0x00000006cc100000)
 Metaspace       used 15330K, capacity 15510K, committed 15744K, reserved 1062912K
  class space    used 1512K, capacity 1574K, committed 1664K, reserved 1048576K
Event: 83.762 GC heap after
Heap after GC invocations=16 (full 0):
 PSYoungGen      total 544768K, used 96K [0x000000076b200000, 0x000000078ce00000, 0x00000007c0000000)
  eden space 536576K, 0% used [0x000000076b200000,0x000000076b200000,0x000000078be00000)
  from space 8192K, 1% used [0x000000078c600000,0x000000078c618000,0x000000078ce00000)
  to   space 8192K, 0% used [0x000000078be00000,0x000000078be00000,0x000000078c600000)
 ParOldGen       total 175104K, used 11329K [0x00000006c1600000, 0x00000006cc100000, 0x000000076b200000)
  object space 175104K, 6% used [0x00000006c1600000,0x00000006c2110418,0x00000006cc100000)
 Metaspace       used 15330K, capacity 15510K, committed 15744K, reserved 1062912K
  class space    used 1512K, capacity 1574K, committed 1664K, reserved 1048576K
}
Event: 84.283 GC heap before
{Heap before GC invocations=17 (full 0):
 PSYoungGen      total 544768K, used 536672K [0x000000076b200000, 0x000000078ce00000, 0x00000007c0000000)
  eden space 536576K, 100% used [0x000000076b200000,0x000000078be00000,0x000000078be00000)
  from space 8192K, 1% used [0x000000078c600000,0x000000078c618000,0x000000078ce00000)
  to   space 8192K, 0% used [0x000000078be00000,0x000000078be00000,0x000000078c600000)
 ParOldGen       total 175104K, used 11329K [0x00000006c1600000, 0x00000006cc100000, 0x000000076b200000)
  object space 175104K, 6% used [0x00000006c1600000,0x00000006c2110418,0x00000006cc100000)
 Metaspace       used 15348K, capacity 15510K, committed 15744K, reserved 1062912K
  class space    used 1512K, capacity 1574K, committed 1664K, reserved 1048576K
Event: 84.332 GC heap after
Heap after GC invocations=17 (full 0):
 PSYoungGen      total 544768K, used 160K [0x000000076b200000, 0x000000078ce00000, 0x00000007c0000000)
  eden space 536576K, 0% used [0x000000076b200000,0x000000076b200000,0x000000078be00000)
  from space 8192K, 1% used [0x000000078be00000,0x000000078be28000,0x000000078c600000)
  to   space 8192K, 0% used [0x000000078c600000,0x000000078c600000,0x000000078ce00000)
 ParOldGen       total 175104K, used 11437K [0x00000006c1600000, 0x00000006cc100000, 0x000000076b200000)
  object space 175104K, 6% used [0x00000006c1600000,0x00000006c212b428,0x00000006cc100000)
 Metaspace       used 15348K, capacity 15510K, committed 15744K, reserved 1062912K
  class space    used 1512K, capacity 1574K, committed 1664K, reserved 1048576K
}
Event: 84.848 GC heap before
{Heap before GC invocations=18 (full 0):
 PSYoungGen      total 544768K, used 536736K [0x000000076b200000, 0x000000078ce00000, 0x00000007c0000000)
  eden space 536576K, 100% used [0x000000076b200000,0x000000078be00000,0x000000078be00000)
  from space 8192K, 1% used [0x000000078be00000,0x000000078be28000,0x000000078c600000)
  to   space 8192K, 0% used [0x000000078c600000,0x000000078c600000,0x000000078ce00000)
 ParOldGen       total 175104K, used 11437K [0x00000006c1600000, 0x00000006cc100000, 0x000000076b200000)
  object space 175104K, 6% used [0x00000006c1600000,0x00000006c212b428,0x00000006cc100000)
 Metaspace       used 15357K, capacity 15510K, committed 15744K, reserved 1062912K
  class space    used 1512K, capacity 1574K, committed 1664K, reserved 1048576K
Event: 84.938 GC heap after
Heap after GC invocations=18 (full 0):
 PSYoungGen      total 544768K, used 128K [0x000000076b200000, 0x000000078ce00000, 0x00000007c0000000)
  eden space 536576K, 0% used [0x000000076b200000,0x000000076b200000,0x000000078be00000)
  from space 8192K, 1% used [0x000000078c600000,0x000000078c620000,0x000000078ce00000)
  to   space 8192K, 0% used [0x000000078be00000,0x000000078be00000,0x000000078c600000)
 ParOldGen       total 175104K, used 11533K [0x00000006c1600000, 0x00000006cc100000, 0x000000076b200000)
  object space 175104K, 6% used [0x00000006c1600000,0x00000006c2143428,0x00000006cc100000)
 Metaspace       used 15357K, capacity 15510K, committed 15744K, reserved 1062912K
  class space    used 1512K, capacity 1574K, committed 1664K, reserved 1048576K
}

